<?xml version="1.0" encoding="UTF-8"?>
<!-- Generated by org.testng.reporters.JUnitXMLReporter -->
<testsuite ignored="3" hostname="DESKTOP-4SO3O1P" failures="0" tests="2" name="Test" time="0.11" errors="0" timestamp="25 Jan 2021 07:15:01 GMT">
  <testcase classname="com.testngproject.scripts.Test1" name="aatest" time="0.028"/>
  <testcase classname="com.testngproject.scripts.Test1" name="atest" time="0.004"/>
  <testcase classname="com.testngproject.scripts.Test4" name="dtest" time="0.0">
    <ignored/>
  </testcase> <!-- dtest -->
  <testcase classname="com.testngproject.scripts.Test2" name="btest" time="0.0">
    <ignored/>
  </testcase> <!-- btest -->
  <testcase classname="com.testngproject.scripts.Test3" name="ctest" time="0.0">
    <ignored/>
  </testcase> <!-- ctest -->
</testsuite> <!-- Test -->
