<?xml version="1.0" encoding="UTF-8"?>
<!-- Generated by org.testng.reporters.JUnitXMLReporter -->
<testsuite ignored="0" hostname="DESKTOP-4SO3O1P" failures="0" tests="3" name="Test1" time="87.608" errors="0" timestamp="25 Jan 2021 07:09:35 GMT">
  <testcase classname="com.testngproject.scripts.Test1" name="aatest" time="0.042"/>
  <testcase classname="com.testngproject.scripts.Test1" name="atest" time="0.013"/>
  <testcase classname="com.testngproject.scripts.Test2" name="btest" time="0.004"/>
</testsuite> <!-- Test1 -->
