<?xml version="1.0" encoding="UTF-8"?>
<testng-results ignored="1" total="5" passed="4" failed="0" skipped="0">
  <reporter-output>
  </reporter-output>
  <suite started-at="2021-01-25T17:48:33Z" name="Suite" finished-at="2021-01-25T17:50:22Z" duration-ms="109070">
    <groups>
      <group name="smoke">
        <method signature="Test1.atest()[pri:0, instance:com.testngproject.scripts.Test1@35aea049]" name="atest" class="com.testngproject.scripts.Test1"/>
      </group> <!-- smoke -->
    </groups>
    <test started-at="2021-01-25T17:48:33Z" name="Test" finished-at="2021-01-25T17:50:22Z" duration-ms="109070">
      <class name="com.testngproject.scripts.Test1">
        <test-method is-config="true" signature="configBeforeClass()[pri:0, instance:com.testngproject.scripts.Test1@35aea049]" started-at="2021-01-25T17:48:33Z" name="configBeforeClass" finished-at="2021-01-25T17:49:32Z" duration-ms="59128" status="PASS">
          <reporter-output>
          </reporter-output>
        </test-method> <!-- configBeforeClass -->
        <test-method signature="atest()[pri:0, instance:com.testngproject.scripts.Test1@35aea049]" started-at="2021-01-25T17:49:32Z" name="atest" finished-at="2021-01-25T17:49:32Z" duration-ms="0" status="PASS">
          <reporter-output>
          </reporter-output>
        </test-method> <!-- atest -->
        <test-method is-config="true" signature="confifAfterClass()[pri:0, instance:com.testngproject.scripts.Test1@35aea049]" started-at="2021-01-25T17:49:32Z" name="confifAfterClass" finished-at="2021-01-25T17:49:34Z" duration-ms="1532" status="PASS">
          <reporter-output>
          </reporter-output>
        </test-method> <!-- confifAfterClass -->
      </class> <!-- com.testngproject.scripts.Test1 -->
      <class name="com.testngproject.scripts.Test2">
        <test-method is-config="true" signature="configBeforeClass()[pri:0, instance:com.testngproject.scripts.Test2@22ef9844]" started-at="2021-01-25T17:50:13Z" name="configBeforeClass" finished-at="2021-01-25T17:50:20Z" duration-ms="7701" status="PASS">
          <reporter-output>
          </reporter-output>
        </test-method> <!-- configBeforeClass -->
        <test-method signature="btest()[pri:0, instance:com.testngproject.scripts.Test2@22ef9844]" started-at="2021-01-25T17:50:20Z" name="btest" finished-at="2021-01-25T17:50:20Z" duration-ms="0" status="PASS">
          <reporter-output>
          </reporter-output>
        </test-method> <!-- btest -->
        <test-method is-config="true" signature="confifAfterClass()[pri:0, instance:com.testngproject.scripts.Test2@22ef9844]" started-at="2021-01-25T17:50:20Z" name="confifAfterClass" finished-at="2021-01-25T17:50:22Z" duration-ms="1397" status="PASS">
          <reporter-output>
          </reporter-output>
        </test-method> <!-- confifAfterClass -->
      </class> <!-- com.testngproject.scripts.Test2 -->
      <class name="com.testngproject.scripts.Test3">
        <test-method is-config="true" signature="configBeforeClass()[pri:0, instance:com.testngproject.scripts.Test3@7205765b]" started-at="2021-01-25T17:49:34Z" name="configBeforeClass" finished-at="2021-01-25T17:50:11Z" duration-ms="37759" status="PASS">
          <reporter-output>
          </reporter-output>
        </test-method> <!-- configBeforeClass -->
        <test-method is-config="true" signature="confifAfterClass()[pri:0, instance:com.testngproject.scripts.Test3@7205765b]" started-at="2021-01-25T17:50:11Z" name="confifAfterClass" finished-at="2021-01-25T17:50:13Z" duration-ms="1370" status="PASS">
          <reporter-output>
          </reporter-output>
        </test-method> <!-- confifAfterClass -->
        <test-method signature="ctest()[pri:0, instance:com.testngproject.scripts.Test3@7205765b]" started-at="2021-01-25T17:50:11Z" name="ctest" finished-at="2021-01-25T17:50:11Z" duration-ms="0" status="PASS">
          <reporter-output>
          </reporter-output>
        </test-method> <!-- ctest -->
      </class> <!-- com.testngproject.scripts.Test3 -->
      <class name="com.testngproject.scripts.Test4">
        <test-method signature="dtest()[pri:0, instance:com.testngproject.scripts.Test4@47987356]" started-at="2021-01-25T17:50:13Z" name="dtest" finished-at="2021-01-25T17:50:13Z" duration-ms="0" status="PASS">
          <reporter-output>
          </reporter-output>
        </test-method> <!-- dtest -->
      </class> <!-- com.testngproject.scripts.Test4 -->
    </test> <!-- Test -->
  </suite> <!-- Suite -->
</testng-results>
